<?xml version="1.0" encoding="UTF-8"?>
<!-- Generated by org.testng.reporters.JUnitReportReporter -->
<testsuite hostname="adem.local" name="com.qa.verizon.test.HomePageTest" tests="2" failures="0" timestamp="22 Jul 2020 06:18:47 GMT" time="1.261" errors="0">
  <testcase name="verifyHomePageTitleTest" time="0.395" classname="com.qa.verizon.test.HomePageTest"/>
  <testcase name="mouseHoverAndClickTest" time="0.866" classname="com.qa.verizon.test.HomePageTest"/>
</testsuite> <!-- com.qa.verizon.test.HomePageTest -->
