<?xml version="1.0" encoding="UTF-8"?>
<!-- Generated by org.testng.reporters.JUnitReportReporter -->
<testsuite hostname="adem.local" name="com.qa.verizon.test.CustomizePhoneTest" tests="2" failures="0" timestamp="22 Jul 2020 06:09:11 GMT" time="1.282" errors="0">
  <testcase name="clickBoxTest" time="1.089" classname="com.qa.verizon.test.CustomizePhoneTest"/>
  <testcase name="customizePhoneTitleTest" time="0.193" classname="com.qa.verizon.test.CustomizePhoneTest"/>
</testsuite> <!-- com.qa.verizon.test.CustomizePhoneTest -->
