<?xml version="1.0" encoding="UTF-8"?>
<!-- Generated by org.testng.reporters.JUnitReportReporter -->
<testsuite hostname="adem.local" name="com.qa.verizon.test.SelectedPhonePageTest" tests="2" failures="0" timestamp="20 Jul 2020 23:47:59 GMT" time="9.755" errors="0">
  <testcase name="selectedPhonePageTitleTest" time="0.010" classname="com.qa.verizon.test.SelectedPhonePageTest"/>
  <testcase name="selectPhoneFeaturesTest" time="9.745" classname="com.qa.verizon.test.SelectedPhonePageTest"/>
</testsuite> <!-- com.qa.verizon.test.SelectedPhonePageTest -->
