<?xml version="1.0" encoding="UTF-8"?>
<!-- Generated by org.testng.reporters.JUnitReportReporter -->
<testsuite hostname="adem.local" name="com.qa.verizon.test.PhoneListPageTest" tests="2" failures="0" timestamp="20 Jul 2020 23:36:29 GMT" time="6.580" errors="0">
  <testcase name="verifyPhonesListTitleTest" time="2.454" classname="com.qa.verizon.test.PhoneListPageTest"/>
  <testcase name="clickAPhoneTest" time="4.126" classname="com.qa.verizon.test.PhoneListPageTest"/>
</testsuite> <!-- com.qa.verizon.test.PhoneListPageTest -->
