<?xml version="1.0" encoding="UTF-8"?>
<!-- Generated by org.testng.reporters.JUnitReportReporter -->
<testsuite hostname="adem.local" name="com.qa.verizon.test.ShoppingCartPageTest" tests="2" failures="0" timestamp="22 Jul 2020 06:10:18 GMT" time="1.314" errors="0">
  <testcase name="shoppingPageTitle" time="0.010" classname="com.qa.verizon.test.ShoppingCartPageTest"/>
  <testcase name="verifyPhoneTest" time="1.304" classname="com.qa.verizon.test.ShoppingCartPageTest"/>
</testsuite> <!-- com.qa.verizon.test.ShoppingCartPageTest -->
